<?xml version="1.0" encoding="UTF-8"?>
<testng-results skipped="0" failed="1" ignored="0" total="6" passed="5">
  <reporter-output>
  </reporter-output>
  <suite name="Suite" duration-ms="7244" started-at="2022-02-12T12:35:56Z" finished-at="2022-02-12T12:36:03Z">
    <groups>
    </groups>
    <test name="regression" duration-ms="707" started-at="2022-02-12T12:35:56Z" finished-at="2022-02-12T12:35:56Z">
      <class name="testcases.TC001MyAccount">
        <test-method status="PASS" signature="openLoginPage()[pri:0, instance:testcases.TC001MyAccount@2d8f65a4]" name="openLoginPage" duration-ms="554" started-at="2022-02-12T12:35:56Z" finished-at="2022-02-12T12:35:56Z">
          <reporter-output>
          </reporter-output>
        </test-method> <!-- openLoginPage -->
      </class> <!-- testcases.TC001MyAccount -->
    </test> <!-- regression -->
    <test name="register" duration-ms="2828" started-at="2022-02-12T12:35:56Z" finished-at="2022-02-12T12:35:59Z">
      <class name="testcases.TC002Register">
        <test-method status="PASS" signature="verifyRegister()[pri:1, instance:testcases.TC002Register@69a3d1d]" name="verifyRegister" duration-ms="1147" started-at="2022-02-12T12:35:56Z" finished-at="2022-02-12T12:35:57Z">
          <reporter-output>
          </reporter-output>
        </test-method> <!-- verifyRegister -->
        <test-method status="FAIL" signature="verifyRegister1()[pri:2, instance:testcases.TC002Register@69a3d1d]" name="verifyRegister1" duration-ms="1494" started-at="2022-02-12T12:35:57Z" finished-at="2022-02-12T12:35:59Z">
          <exception class="java.lang.AssertionError">
            <message>
              <![CDATA[expected [Warning: You must agree to the Privacy Policy!] but found [Warning: You must agree to the Privacy Polic!]]]>
            </message>
            <full-stacktrace>
              <![CDATA[java.lang.AssertionError: expected [Warning: You must agree to the Privacy Policy!] but found [Warning: You must agree to the Privacy Polic!]
at org.testng.Assert.fail(Assert.java:96)
at org.testng.Assert.failNotEquals(Assert.java:776)
at org.testng.Assert.assertEqualsImpl(Assert.java:137)
at org.testng.Assert.assertEquals(Assert.java:118)
at org.testng.Assert.assertEquals(Assert.java:453)
at org.testng.Assert.assertEquals(Assert.java:463)
at testcases.TC002Register.verifyRegister1(TC002Register.java:29)
at sun.reflect.NativeMethodAccessorImpl.invoke0(Native Method)
at sun.reflect.NativeMethodAccessorImpl.invoke(NativeMethodAccessorImpl.java:62)
at sun.reflect.DelegatingMethodAccessorImpl.invoke(DelegatingMethodAccessorImpl.java:43)
at java.lang.reflect.Method.invoke(Method.java:498)
at org.testng.internal.MethodInvocationHelper.invokeMethod(MethodInvocationHelper.java:124)
at org.testng.internal.Invoker.invokeMethod(Invoker.java:583)
at org.testng.internal.Invoker.invokeTestMethod(Invoker.java:719)
at org.testng.internal.Invoker.invokeTestMethods(Invoker.java:989)
at org.testng.internal.TestMethodWorker.invokeTestMethods(TestMethodWorker.java:125)
at org.testng.internal.TestMethodWorker.run(TestMethodWorker.java:109)
at org.testng.TestRunner.privateRun(TestRunner.java:648)
at org.testng.TestRunner.run(TestRunner.java:505)
at org.testng.SuiteRunner.runTest(SuiteRunner.java:455)
at org.testng.SuiteRunner.runSequentially(SuiteRunner.java:450)
at org.testng.SuiteRunner.privateRun(SuiteRunner.java:415)
at org.testng.SuiteRunner.run(SuiteRunner.java:364)
at org.testng.SuiteRunnerWorker.runSuite(SuiteRunnerWorker.java:52)
at org.testng.SuiteRunnerWorker.run(SuiteRunnerWorker.java:84)
at org.testng.TestNG.runSuitesSequentially(TestNG.java:1208)
at org.testng.TestNG.runSuitesLocally(TestNG.java:1137)
at org.testng.TestNG.runSuites(TestNG.java:1049)
at org.testng.TestNG.run(TestNG.java:1017)
at org.apache.maven.surefire.testng.TestNGExecutor.run(TestNGExecutor.java:283)
at org.apache.maven.surefire.testng.TestNGXmlTestSuite.execute(TestNGXmlTestSuite.java:75)
at org.apache.maven.surefire.testng.TestNGProvider.invoke(TestNGProvider.java:120)
at org.apache.maven.surefire.booter.ForkedBooter.runSuitesInProcess(ForkedBooter.java:377)
at org.apache.maven.surefire.booter.ForkedBooter.execute(ForkedBooter.java:138)
at org.apache.maven.surefire.booter.ForkedBooter.run(ForkedBooter.java:465)
at org.apache.maven.surefire.booter.ForkedBooter.main(ForkedBooter.java:451)
]]>
            </full-stacktrace>
          </exception> <!-- java.lang.AssertionError -->
          <reporter-output>
          </reporter-output>
        </test-method> <!-- verifyRegister1 -->
      </class> <!-- testcases.TC002Register -->
    </test> <!-- register -->
    <test name="login" duration-ms="3696" started-at="2022-02-12T12:35:59Z" finished-at="2022-02-12T12:36:03Z">
      <class name="testcases.TC003Login">
        <test-method status="PASS" signature="Initialize()[pri:0, instance:testcases.TC003Login@3dfc5fb8]" name="Initialize" is-config="true" duration-ms="2399" started-at="2022-02-12T12:35:53Z" finished-at="2022-02-12T12:35:56Z">
          <reporter-output>
          </reporter-output>
        </test-method> <!-- Initialize -->
        <test-method status="PASS" signature="verifyLogin1()[pri:1, instance:testcases.TC003Login@3dfc5fb8]" name="verifyLogin1" duration-ms="1130" started-at="2022-02-12T12:35:59Z" finished-at="2022-02-12T12:36:00Z">
          <reporter-output>
          </reporter-output>
        </test-method> <!-- verifyLogin1 -->
        <test-method status="PASS" signature="verifyLogin2()[pri:2, instance:testcases.TC003Login@3dfc5fb8]" name="verifyLogin2" duration-ms="1094" started-at="2022-02-12T12:36:00Z" finished-at="2022-02-12T12:36:01Z">
          <reporter-output>
          </reporter-output>
        </test-method> <!-- verifyLogin2 -->
        <test-method status="PASS" signature="verifyLogin()[pri:3, instance:testcases.TC003Login@3dfc5fb8]" name="verifyLogin" duration-ms="1382" started-at="2022-02-12T12:36:01Z" finished-at="2022-02-12T12:36:03Z">
          <reporter-output>
          </reporter-output>
        </test-method> <!-- verifyLogin -->
        <test-method status="PASS" signature="tearDown()[pri:0, instance:testcases.TC003Login@3dfc5fb8]" name="tearDown" is-config="true" duration-ms="48" started-at="2022-02-12T12:36:03Z" finished-at="2022-02-12T12:36:03Z">
          <reporter-output>
          </reporter-output>
        </test-method> <!-- tearDown -->
      </class> <!-- testcases.TC003Login -->
    </test> <!-- login -->
  </suite> <!-- Suite -->
</testng-results>
